<?xml version="1.0" encoding="UTF-8"?>
<!-- Generated by org.testng.reporters.JUnitReportReporter -->
<testsuite hostname="KKARIUKI-WEBDEV" failures="0" tests="1" name="jdbc.PersistenceTest" time="0.214" errors="0" timestamp="2022-01-20T03:32:44 EAT" skipped="0">
  <testcase classname="jdbc.PersistenceTest" name="readMessage" time="0.214"/>
  <system-out/>
</testsuite> <!-- jdbc.PersistenceTest -->
